
> dev
> next dev

 ⚠ You are using a non-standard "NODE_ENV" value in your environment. This creates inconsistencies in the project and is strongly advised against. Read more: https://nextjs.org/docs/messages/non-standard-node-env
 ⨯ Failed to start server
Error: listen EADDRINUSE: address already in use :::54112
    at Server.setupListenHandle [as _listen2] (node:net:1904:16)
    at listenInCluster (node:net:1961:12)
    at Server.listen (node:net:2063:7)
    at C:\Users\kygs\SCIAPP2\chemquest\node_modules\next\dist\server\lib\start-server.js:280:16
    at new Promise (<anonymous>)
    at startServer (C:\Users\kygs\SCIAPP2\chemquest\node_modules\next\dist\server\lib\start-server.js:191:11)
    at C:\Users\kygs\SCIAPP2\chemquest\node_modules\next\dist\server\lib\start-server.js:310:52
    at Span.traceAsyncFn (C:\Users\kygs\SCIAPP2\chemquest\node_modules\next\dist\trace\trace.js:154:26)
    at process.<anonymous> (C:\Users\kygs\SCIAPP2\chemquest\node_modules\next\dist\server\lib\start-server.js:310:35)
    at process.emit (node:events:519:28) {
  code: 'EADDRINUSE',
  errno: -4091,
  syscall: 'listen',
  address: '::',
  port: 54112
}
[?25h
